2025-06-10 19:36:00 | DEBUG | repo=pv243-a4m36jee-2016-security-seminar | action=test | passed=true
2025-09-06 18:27:00 | WARN | repo=pv243-a4m36jee-2016-security-seminar | action=test | passed=true
2025-10-16 20:23:00 | WARN | repo=pv243-a4m36jee-2016-security-seminar | action=commit
2025-04-11 13:24:00 | INFO | repo=pv243-a4m36jee-2016-security-seminar | action=commit
2025-06-08 17:37:00 | DEBUG | repo=pv243-a4m36jee-2016-security-seminar | action=pull
2025-06-25 17:57:00 | WARN | repo=pv243-a4m36jee-2016-security-seminar | action=commit
2025-11-24 21:25:00 | DEBUG | repo=pv243-a4m36jee-2016-security-seminar | action=edit | files=2
2025-09-10 09:33:00 | DEBUG | repo=pv243-a4m36jee-2016-security-seminar | action=edit | files=1
2025-12-08 20:59:00 | DEBUG | repo=pv243-a4m36jee-2016-security-seminar | action=edit | files=5
2025-01-25 12:34:00 | WARN | repo=pv243-a4m36jee-2016-security-seminar | action=test | passed=true
2025-06-04 21:34:00 | WARN | repo=pv243-a4m36jee-2016-security-seminar | action=commit
2025-05-25 07:39:00 | INFO | repo=pv243-a4m36jee-2016-security-seminar | action=commit
2025-06-01 14:21:00 | INFO | repo=pv243-a4m36jee-2016-security-seminar | action=commit
2025-12-09 15:39:00 | INFO | repo=pv243-a4m36jee-2016-security-seminar | action=commit
2025-04-22 12:55:00 | DEBUG | repo=pv243-a4m36jee-2016-security-seminar | action=commit
2025-08-26 21:50:00 | DEBUG | repo=pv243-a4m36jee-2016-security-seminar | action=commit
2025-01-26 10:03:00 | WARN | repo=pv243-a4m36jee-2016-security-seminar | action=commit
2025-11-02 18:02:00 | DEBUG | repo=pv243-a4m36jee-2016-security-seminar | action=edit | files=2
2025-11-25 19:38:00 | WARN | repo=pv243-a4m36jee-2016-security-seminar | action=pull
2025-04-04 20:38:00 | DEBUG | repo=pv243-a4m36jee-2016-security-seminar | action=commit
2025-04-13 14:15:00 | WARN | repo=pv243-a4m36jee-2016-security-seminar | action=commit
2025-04-20 20:43:00 | DEBUG | repo=pv243-a4m36jee-2016-security-seminar | action=commit
2025-02-09 08:04:00 | WARN | repo=pv243-a4m36jee-2016-security-seminar | action=commit
2025-02-04 21:19:00 | WARN | repo=pv243-a4m36jee-2016-security-seminar | action=commit
2025-11-10 07:26:00 | WARN | repo=pv243-a4m36jee-2016-security-seminar | action=edit | files=1
2025-01-16 08:53:00 | INFO | repo=pv243-a4m36jee-2016-security-seminar | action=commit
2025-11-24 20:48:00 | DEBUG | repo=pv243-a4m36jee-2016-security-seminar | action=edit | files=5
2025-05-01 16:43:00 | INFO | repo=pv243-a4m36jee-2016-security-seminar | action=commit
2025-06-23 10:33:00 | DEBUG | repo=pv243-a4m36jee-2016-security-seminar | action=commit
2025-12-18 15:57:00 | INFO | repo=pv243-a4m36jee-2016-security-seminar | action=test | passed=true
2025-10-09 19:17:00 | INFO | repo=pv243-a4m36jee-2016-security-seminar | action=commit
2025-12-07 21:15:00 | WARN | repo=pv243-a4m36jee-2016-security-seminar | action=commit
2025-01-13 09:05:00 | WARN | repo=pv243-a4m36jee-2016-security-seminar | action=edit | files=4
2025-09-11 11:55:00 | WARN | repo=pv243-a4m36jee-2016-security-seminar | action=commit
2025-09-24 21:22:00 | DEBUG | repo=pv243-a4m36jee-2016-security-seminar | action=pull
2025-05-19 13:44:00 | INFO | repo=pv243-a4m36jee-2016-security-seminar | action=commit
2025-02-10 08:12:00 | INFO | repo=pv243-a4m36jee-2016-security-seminar | action=commit
2025-09-08 18:23:00 | INFO | repo=pv243-a4m36jee-2016-security-seminar | action=test | passed=true
2025-02-25 07:01:00 | INFO | repo=pv243-a4m36jee-2016-security-seminar | action=pull
2025-09-02 10:26:00 | INFO | repo=pv243-a4m36jee-2016-security-seminar | action=commit
2025-04-04 13:10:00 | INFO | repo=pv243-a4m36jee-2016-security-seminar | action=commit
2025-02-14 20:34:00 | INFO | repo=pv243-a4m36jee-2016-security-seminar | action=commit
2025-05-15 20:29:00 | WARN | repo=pv243-a4m36jee-2016-security-seminar | action=commit
2025-05-20 10:29:00 | DEBUG | repo=pv243-a4m36jee-2016-security-seminar | action=pull
2025-08-10 18:37:00 | WARN | repo=pv243-a4m36jee-2016-security-seminar | action=commit
2025-11-01 08:56:00 | WARN | repo=pv243-a4m36jee-2016-security-seminar | action=commit
2025-02-14 07:35:00 | INFO | repo=pv243-a4m36jee-2016-security-seminar | action=commit
2025-03-22 14:26:00 | INFO | repo=pv243-a4m36jee-2016-security-seminar | action=commit
2025-05-26 14:50:00 | WARN | repo=pv243-a4m36jee-2016-security-seminar | action=commit
2025-06-07 12:03:00 | WARN | repo=pv243-a4m36jee-2016-security-seminar | action=edit | files=4
2025-11-17 08:53:00 | DEBUG | repo=pv243-a4m36jee-2016-security-seminar | action=commit
2025-09-23 08:57:00 | WARN | repo=pv243-a4m36jee-2016-security-seminar | action=commit
2025-10-27 09:49:00 | DEBUG | repo=pv243-a4m36jee-2016-security-seminar | action=test | passed=true
2025-03-15 19:38:00 | WARN | repo=pv243-a4m36jee-2016-security-seminar | action=commit
2025-02-20 14:29:00 | WARN | repo=pv243-a4m36jee-2016-security-seminar | action=edit | files=5
2025-03-13 20:38:00 | INFO | repo=pv243-a4m36jee-2016-security-seminar | action=edit | files=3
2025-07-06 17:07:00 | INFO | repo=pv243-a4m36jee-2016-security-seminar | action=edit | files=3
2025-08-27 13:05:00 | WARN | repo=pv243-a4m36jee-2016-security-seminar | action=edit | files=1
2025-10-06 21:12:00 | INFO | repo=pv243-a4m36jee-2016-security-seminar | action=test | passed=true
2025-11-18 08:27:00 | INFO | repo=pv243-a4m36jee-2016-security-seminar | action=commit
2025-03-04 07:09:00 | INFO | repo=pv243-a4m36jee-2016-security-seminar | action=commit
2025-06-25 10:17:00 | DEBUG | repo=pv243-a4m36jee-2016-security-seminar | action=commit
2025-09-03 15:45:00 | WARN | repo=pv243-a4m36jee-2016-security-seminar | action=pull
2025-04-22 08:18:00 | WARN | repo=pv243-a4m36jee-2016-security-seminar | action=commit
2025-07-20 10:51:00 | WARN | repo=pv243-a4m36jee-2016-security-seminar | action=pull
2025-03-11 07:06:00 | WARN | repo=pv243-a4m36jee-2016-security-seminar | action=pull
2025-03-19 17:48:00 | INFO | repo=pv243-a4m36jee-2016-security-seminar | action=edit | files=3
2025-05-02 11:23:00 | DEBUG | repo=pv243-a4m36jee-2016-security-seminar | action=edit | files=5
2025-02-06 12:49:00 | DEBUG | repo=pv243-a4m36jee-2016-security-seminar | action=pull
2025-10-10 10:49:00 | INFO | repo=pv243-a4m36jee-2016-security-seminar | action=edit | files=2
2025-10-25 19:49:00 | DEBUG | repo=pv243-a4m36jee-2016-security-seminar | action=commit
2025-07-26 09:58:00 | INFO | repo=pv243-a4m36jee-2016-security-seminar | action=commit
2025-05-21 20:32:00 | WARN | repo=pv243-a4m36jee-2016-security-seminar | action=pull
2025-12-23 07:06:00 | INFO | repo=pv243-a4m36jee-2016-security-seminar | action=commit
2025-05-24 08:41:00 | WARN | repo=pv243-a4m36jee-2016-security-seminar | action=commit
2025-05-17 14:21:00 | INFO | repo=pv243-a4m36jee-2016-security-seminar | action=commit
2025-05-13 16:09:00 | WARN | repo=pv243-a4m36jee-2016-security-seminar | action=commit
2025-08-02 07:46:00 | INFO | repo=pv243-a4m36jee-2016-security-seminar | action=commit
2025-11-16 08:38:00 | INFO | repo=pv243-a4m36jee-2016-security-seminar | action=commit
2025-11-01 21:24:00 | DEBUG | repo=pv243-a4m36jee-2016-security-seminar | action=commit
2025-01-08 10:47:00 | INFO | repo=pv243-a4m36jee-2016-security-seminar | action=commit
2025-05-09 14:41:00 | WARN | repo=pv243-a4m36jee-2016-security-seminar | action=commit
2025-12-19 16:02:00 | WARN | repo=pv243-a4m36jee-2016-security-seminar | action=commit
2025-10-07 21:22:00 | DEBUG | repo=pv243-a4m36jee-2016-security-seminar | action=pull
2025-08-21 08:19:00 | DEBUG | repo=pv243-a4m36jee-2016-security-seminar | action=test | passed=true
2025-05-04 08:26:00 | WARN | repo=pv243-a4m36jee-2016-security-seminar | action=pull
2025-09-13 09:21:00 | WARN | repo=pv243-a4m36jee-2016-security-seminar | action=commit
2025-01-06 12:23:00 | DEBUG | repo=pv243-a4m36jee-2016-security-seminar | action=pull
2025-07-27 07:28:00 | WARN | repo=pv243-a4m36jee-2016-security-seminar | action=commit
2025-07-21 19:37:00 | WARN | repo=pv243-a4m36jee-2016-security-seminar | action=commit
2025-03-03 21:32:00 | DEBUG | repo=pv243-a4m36jee-2016-security-seminar | action=commit
2025-12-15 19:36:00 | DEBUG | repo=pv243-a4m36jee-2016-security-seminar | action=pull
2025-08-26 19:47:00 | WARN | repo=pv243-a4m36jee-2016-security-seminar | action=commit
2025-09-25 13:16:00 | INFO | repo=pv243-a4m36jee-2016-security-seminar | action=edit | files=1
2025-01-13 13:06:00 | INFO | repo=pv243-a4m36jee-2016-security-seminar | action=commit
2025-07-10 13:49:00 | INFO | repo=pv243-a4m36jee-2016-security-seminar | action=commit
2025-07-27 13:52:00 | DEBUG | repo=pv243-a4m36jee-2016-security-seminar | action=commit
2025-09-24 13:31:00 | WARN | repo=pv243-a4m36jee-2016-security-seminar | action=commit
2025-07-13 10:26:00 | WARN | repo=pv243-a4m36jee-2016-security-seminar | action=commit
2025-06-16 15:11:00 | WARN | repo=pv243-a4m36jee-2016-security-seminar | action=commit
2025-06-26 10:30:00 | WARN | repo=pv243-a4m36jee-2016-security-seminar | action=edit | files=2
2025-05-19 17:17:00 | INFO | repo=pv243-a4m36jee-2016-security-seminar | action=commit
2025-08-22 20:43:00 | INFO | repo=pv243-a4m36jee-2016-security-seminar | action=commit
2025-07-28 17:31:00 | DEBUG | repo=pv243-a4m36jee-2016-security-seminar | action=commit
2025-02-01 10:40:00 | WARN | repo=pv243-a4m36jee-2016-security-seminar | action=commit
2025-11-22 17:39:00 | WARN | repo=pv243-a4m36jee-2016-security-seminar | action=edit | files=2
2025-02-12 14:31:00 | INFO | repo=pv243-a4m36jee-2016-security-seminar | action=commit
2025-03-08 11:46:00 | WARN | repo=pv243-a4m36jee-2016-security-seminar | action=commit
2025-02-07 07:29:00 | DEBUG | repo=pv243-a4m36jee-2016-security-seminar | action=commit
2025-07-27 13:22:00 | INFO | repo=pv243-a4m36jee-2016-security-seminar | action=commit
2025-06-09 08:29:00 | WARN | repo=pv243-a4m36jee-2016-security-seminar | action=pull
2025-08-02 19:52:00 | DEBUG | repo=pv243-a4m36jee-2016-security-seminar | action=test | passed=true
2025-04-24 07:24:00 | WARN | repo=pv243-a4m36jee-2016-security-seminar | action=commit
2025-09-16 07:26:00 | WARN | repo=pv243-a4m36jee-2016-security-seminar | action=test | passed=true
2025-02-15 09:29:00 | INFO | repo=pv243-a4m36jee-2016-security-seminar | action=commit
2025-09-09 12:05:00 | DEBUG | repo=pv243-a4m36jee-2016-security-seminar | action=commit
2025-09-19 13:48:00 | DEBUG | repo=pv243-a4m36jee-2016-security-seminar | action=pull
2025-02-06 12:27:00 | INFO | repo=pv243-a4m36jee-2016-security-seminar | action=pull
2025-08-23 07:11:00 | INFO | repo=pv243-a4m36jee-2016-security-seminar | action=commit
